<?xml version="1.0" encoding="UTF-8"?>
<!-- Generated by org.testng.reporters.JUnitReportReporter -->
<testsuite hostname="c3PO" name="cz.fi.muni.pz165.tests.ServiceTest" tests="6" failures="0" timestamp="17 Nov 2015 19:29:07 GMT" time="0.044" errors="0">
  <testcase name="testFindbyId" time="0.003" classname="cz.fi.muni.pz165.tests.ServiceTest"/>
  <testcase name="testfindAll" time="0.006" classname="cz.fi.muni.pz165.tests.ServiceTest"/>
  <testcase name="testUpdate" time="0.005" classname="cz.fi.muni.pz165.tests.ServiceTest"/>
  <testcase name="testDelete" time="0.017" classname="cz.fi.muni.pz165.tests.ServiceTest"/>
  <testcase name="testPriceEquals" time="0.003" classname="cz.fi.muni.pz165.tests.ServiceTest"/>
  <testcase name="testEmptyDB" time="0.010" classname="cz.fi.muni.pz165.tests.ServiceTest"/>
</testsuite> <!-- cz.fi.muni.pz165.tests.ServiceTest -->
