<?xml version="1.0" encoding="UTF-8"?>
<!-- Generated by org.testng.reporters.JUnitReportReporter -->
<testsuite hostname="c3PO" name="cz.fi.muni.pz165.tests.DogDaoTest" tests="1" failures="0" timestamp="17 Nov 2015 19:29:07 GMT" time="0.512" errors="0">
  <testcase name="dogAddTest" time="0.512" classname="cz.fi.muni.pz165.tests.DogDaoTest"/>
</testsuite> <!-- cz.fi.muni.pz165.tests.DogDaoTest -->
