<?xml version="1.0" encoding="UTF-8"?>
<!-- Generated by org.testng.reporters.JUnitReportReporter -->
<testsuite hostname="c3PO" name="cz.fi.muni.pz165.tests.EmployeeTest" tests="3" failures="0" timestamp="17 Nov 2015 19:29:07 GMT" time="0.027" errors="0">
  <testcase name="remove_test" time="0.005" classname="cz.fi.muni.pz165.tests.EmployeeTest"/>
  <testcase name="add_find_test" time="0.012" classname="cz.fi.muni.pz165.tests.EmployeeTest"/>
  <testcase name="create_update_addService_test" time="0.010" classname="cz.fi.muni.pz165.tests.EmployeeTest"/>
</testsuite> <!-- cz.fi.muni.pz165.tests.EmployeeTest -->
